[beauticotemplate.webflow.io/index.html]
[backblue.gif]
[fade.gif]
[index.html]
[assets.website-files.com/62b2fb35632eafaa312d388e/css/beauticotemplate.webflow.9bc4ff695.css]
[assets.website-files.com/62b2fb35632eafaa312d388e/62be146eb575c00dd6bdcead_Favicon.png]
[assets.website-files.com/62b2fb35632eafaa312d388e/62be147157fdcba1489f48c1_Webclip.png]
[beauticotemplate.webflow.io/category/all-products.html]
[beauticotemplate.webflow.io/product/soft.html]
[beauticotemplate.webflow.io/about.html]
[beauticotemplate.webflow.io/blog.html]
[assets.website-files.com/62b2fb35632eaf35a72d38b0/62bccb3f20a748df9c26b6d1_Soft.png]
[beauticotemplate.webflow.io/category/toning-lotion.html]
[assets.website-files.com/62b2fb35632eaf35a72d38b0/62bc207fa36fc20496dcb783_Tone.png]
[beauticotemplate.webflow.io/category/smooth-skin.html]
[assets.website-files.com/62b2fb35632eaf35a72d38b0/62bc20a92ce68c8487f2c97f_Clean.png]
[beauticotemplate.webflow.io/contact.html]
[beauticotemplate.webflow.io/account-pages/sign-up.html]
[assets.website-files.com/62b2fb35632eafaa312d388e/62bcd563082027cba3d41e30_curology-WYU8DzFNaLo-unsplash.jpg]
[beauticotemplate.webflow.io/product/clean.html]
[beauticotemplate.webflow.io/product/tone.html]
[assets.website-files.com/62b2fb35632eafaa312d388e/62bcec7d884c9f25a460b51d_curology-DGH1u80sZik-unsplash (1).jpg]
[assets.website-files.com/62b2fb35632eafaa312d388e/62bcec8b4b6cf26be6504ab4_curology-29wToZsX0Is-unsplash.jpg]
[assets.website-files.com/62b2fb35632eafaa312d388e/62bcd8cd6c531537864a8557_curology-fk5ryy1jeUA-unsplash.jpg]
[assets.website-files.com/62b2fb35632eafaa312d388e/62bcd8dc079bd4082ff81728_curology-lLxWLqehKZY-unsplash (1).jpg]
[assets.website-files.com/62b2fb35632eafaa312d388e/62b3c83141e0642517c09c82_Orlando Diggs.jpg]
[assets.website-files.com/62b2fb35632eafaa312d388e/62b65b49fb58eacc1a49ae35_Kate Morrison.jpg]
[assets.website-files.com/62b2fb35632eafaa312d388e/62b65b498f515088430e88a1_Mollie Hall.jpg]
[assets.website-files.com/62b2fb35632eafaa312d388e/62b65b494cc8686eddef40de_Koray Okumus.jpg]
[assets.website-files.com/62b2fb35632eafaa312d388e/62b65b8e0a874b4bae715ad3_Lori Bryson.jpg]
[assets.website-files.com/62b2fb35632eafaa312d388e/62b65b8fc89f59b110d0d36f_Noah Pierre.jpg]
[beauticotemplate.webflow.io/post/dry-acne-prone-skincare-routine.html]
[assets.website-files.com/62b2fb35632eaf35a72d38b0/62bced25ecff6a7d39fd9027_curology-OyUtwyP5zRg-unsplash (1).jpg]
[beauticotemplate.webflow.io/post/5-ingredients-to-calm-down-stressed-out-skin.html]
[assets.website-files.com/62b2fb35632eaf35a72d38b0/62bcecc9e98f9141a1dea17d_curology-TITp0O0Ue70-unsplash (1).jpg]
[assets.website-files.com/62b2fb35632eaf35a72d38b0/62bceba776f885076d465a45_curology-VgzkxAJXRaw-unsplash (1).jpg]
[assets.website-files.com/62b2fb35632eafaa312d388e/62bcd91f94bb906ce77abcd6_curology-VgzkxAJXRaw-unsplash (1).jpg]
[assets.website-files.com/62b2fb35632eafaa312d388e/62bcd93079c695cb992c1464_curology-vodLfNVba40-unsplash.jpg]
[assets.website-files.com/62b2fb35632eafaa312d388e/62bcd94900da5159c0f98a71_curology-2z47pLrDBMI-unsplash.jpg]
[assets.website-files.com/62b2fb35632eafaa312d388e/62bcd99730ce3f704ea61438_curology-OyUtwyP5zRg-unsplash (1).jpg]
[assets.website-files.com/62b2fb35632eafaa312d388e/62bcd9ab76f885564445fb23_curology-PDnw5MhJyKI-unsplash (1).jpg]
[assets.website-files.com/62b2fb35632eafaa312d388e/62bcd9bc8fd011be196aa194_curology-TITp0O0Ue70-unsplash (1).jpg]
[assets.website-files.com/62b2fb35632eafaa312d388e/62bcd9ff0820272616d43a2d_curology-cCwfSmUTqYs-unsplash (1).jpg]
[assets.website-files.com/62b2fb35632eafaa312d388e/62bcd9ed2b15ac311c80324a_curology-fPSELOXfeU4-unsplash.jpg]
[beauticotemplate.webflow.io/legal.html]
[beauticotemplate.webflow.io/account-pages/reset-password.html]
[beauticotemplate.webflow.io/utility-pages/style-guide.html]
[beauticotemplate.webflow.io/utility-pages/licenses.html]
[d3e54v103j8qbb.cloudfront.net/js/jquery-3.5.1.min.dc5e7f18c89499.js]
[beauticotemplate.webflow.io/index.html]
[assets.website-files.com/62b2fb35632eafaa312d388e/css/beauticotemplate.webflow.9bc4ff695.css]
[assets.website-files.com/62b2fb35632eafaa312d388e/js/webflow.16af57ad3.js]
[assets.website-files.com/62b2fb35632eaf35a72d38b0/62bc1fd589b7000f677f616c_Shed.png]
[assets.website-files.com/62b2fb35632eaf35a72d38b0/62bc2005d0813c3485d9bca9_Sun Lotion.png]
[beauticotemplate.webflow.io/category/all-products.html]
[beauticotemplate.webflow.io/product/soft.html]
[assets.website-files.com/62b2fb35632eaf35a72d38b0/62bacf6b5e24a63e7a8c4224_Olivia Rhye.jpg]
[beauticotemplate.webflow.io/author/lana-steiner.html]
[assets.website-files.com/62b2fb35632eaf35a72d38b0/62bacfadaf813e9babd6dd44_Lana Steiner.jpg]
[assets.website-files.com/62b2fb35632eaf35a72d38b0/62bacfd27ae8fd0659b946b5_Mollie Hall.jpg]
[beauticotemplate.webflow.io/about.html]
[assets.website-files.com/62b2fb35632eaf35a72d38b0/62bced1f30fd51d6b8f30e49_curology-OyUtwyP5zRg-unsplash (1).jpg]
[assets.website-files.com/62b2fb35632eaf35a72d38b0/62bceb79f7647983a8cfff61_curology-cI_LU-uAkcE-unsplash (1).jpg]
[assets.website-files.com/62b2fb35632eaf35a72d38b0/62bceaed079bd47850f8b041_curology-cCwfSmUTqYs-unsplash (1).jpg]
[assets.website-files.com/62b2fb35632eaf35a72d38b0/62bcea97f764796a77cff8e8_curology-lLxWLqehKZY-unsplash (1).jpg]
[beauticotemplate.webflow.io/blog.html]
[beauticotemplate.webflow.io/category/toning-lotion.html]
[beauticotemplate.webflow.io/category/smooth-skin.html]
[beauticotemplate.webflow.io/contact.html]
[beauticotemplate.webflow.io/account-pages/sign-up.html]
[beauticotemplate.webflow.io/product/clean.html]
[beauticotemplate.webflow.io/product/tone.html]
[assets.website-files.com/62b2fb35632eaf35a72d38b0/62bced3608035237d85941f1_curology-OyUtwyP5zRg-unsplash (2).jpg]
[beauticotemplate.webflow.io/post/dry-acne-prone-skincare-routine.html]
[assets.website-files.com/62b2fb35632eaf35a72d38b0/62bceccf3ff0fccc4d2d21ed_curology-TITp0O0Ue70-unsplash (1).jpg]
[assets.website-files.com/62b2fb35632eaf35a72d38b0/62bf7a64288e9cc091e3f7ba_curology-TITp0O0Ue70-unsplash (1)blog.jpg]
[beauticotemplate.webflow.io/post/5-ingredients-to-calm-down-stressed-out-skin.html]
[beauticotemplate.webflow.io/legal.html]
[beauticotemplate.webflow.io/account-pages/reset-password.html]
[assets.website-files.com/62b2fb35632eafaa312d388e/62bce4818fd01116c76b1fd8_curology-OyUtwyP5zRg-unsplash (2).jpg]
[beauticotemplate.webflow.io/utility-pages/style-guide.html]
[beauticotemplate.webflow.io/utility-pages/licenses.html]
[beauticotemplate.webflow.io/author/lana-steiner.html]
[beauticotemplate.webflow.io/category/cleansing-oil]
[beauticotemplate.webflow.io/checkout]
[beauticotemplate.webflow.io/blog-categories/anti-aging]
[beauticotemplate.webflow.io/blog-categories/skin-types]
[beauticotemplate.webflow.io/post/how-to-use-products-for-sensitive-skin]
[beauticotemplate.webflow.io/blog-categories/organic-skincare.html]
[beauticotemplate.webflow.io/account-pages/log-in]
[beauticotemplate.webflow.io/faq]
[beauticotemplate.webflow.io/post/anti-aging-skincare-tips.html]
[beauticotemplate.webflow.io/account-pages/forgot-password]
[beauticotemplate.webflow.io/account-pages/email-confirmation]
[beauticotemplate.webflow.io/utility-pages/changelog]
[beauticotemplate.webflow.io/404]
[beauticotemplate.webflow.io/401]
[beauticotemplate.webflow.io/category/sunscreen]
[beauticotemplate.webflow.io/category/exfoliator]
[beauticotemplate.webflow.io/product/shed]
[beauticotemplate.webflow.io/product/sun-lotion]
[beauticotemplate.webflow.io/author/olivia-rhye]
[beauticotemplate.webflow.io/author/mollie-hall]
[beauticotemplate.webflow.io/post/5-ways-to-boost-your-skincare-routine]
[beauticotemplate.webflow.io/post/layering-basics-how-to-layer-on-your-products.html]
[beauticotemplate.webflow.io/blog-categories/beauty-tools]
